Filename                                    Regions    Missed Regions     Cover   Functions  Missed Functions  Executed       Lines      Missed Lines     Cover
---------------------------------------------------------------------------------------------------------------------------------------------------------------------------------------------------------
Collections/Queue.swift                          18                 1    94.44%          13                 1    92.31%          51                 3    94.12%
Collections/Stack.swift                          23                 3    86.96%          16                 3    81.25%          61                10    83.61%
Collections/UnsafeArray.swift                    30                10    66.67%          14                 5    64.29%          81                23    71.60%
Expression/AnyCharacterExpression.swift           2                 0   100.00%           2                 0   100.00%           6                 0   100.00%
Expression/CharacterExpression.swift              3                 0   100.00%           3                 0   100.00%           9                 0   100.00%
Expression/ChoiceExpression.swift                 4                 0   100.00%           4                 0   100.00%          11                 0   100.00%
Expression/ConcatenatedExpression.swift           9                 1    88.89%           6                 0   100.00%          26                 0   100.00%
Expression/Expression.swift                       1                 0   100.00%           1                 0   100.00%           6                 0   100.00%
Expression/OptionalExpression.swift               3                 0   100.00%           3                 0   100.00%          17                 0   100.00%
Expression/RepeatedExpression.swift               3                 0   100.00%           3                 0   100.00%          20                 0   100.00%
Expression/UnionExpression.swift                 13                 2    84.62%           7                 1    85.71%          38                 3    92.11%
Extensions/UnsafeMutablePointer.swift             2                 0   100.00%           2                 0   100.00%           9                 0   100.00%
NFA/NFA.swift                                    15                 1    93.33%           6                 0   100.00%          46                 0   100.00%
NFA/State.swift                                  18                 1    94.44%           5                 0   100.00%          37                 0   100.00%
NFA/Symbol.swift                                  5                 0   100.00%           1                 0   100.00%          10                 0   100.00%
NFA/Transition.swift                              5                 0   100.00%           2                 0   100.00%          11                 0   100.00%
Parsing/Parser.swift                             37                 5    86.49%           5                 0   100.00%         101                 0   100.00%
Parsing/ParserContext.swift                       5                 0   100.00%           5                 0   100.00%          13                 0   100.00%
Parsing/Provider.swift                            5                 0   100.00%           3                 0   100.00%          12                 0   100.00%
---------------------------------------------------------------------------------------------------------------------------------------------------------------------------------------------------------
TOTAL                                           201                24    88.06%         101                10    90.10%         565                39    93.10%
